<?xml version="1.0" encoding="UTF-8"?>
<testng-results ignored="0" total="1" passed="1" failed="0" skipped="0">
  <reporter-output>
  </reporter-output>
  <suite started-at="2022-11-16T15:32:46 IST" name="Default suite" finished-at="2022-11-16T15:32:54 IST" duration-ms="8257">
    <groups>
    </groups>
    <test started-at="2022-11-16T15:32:46 IST" name="Default test" finished-at="2022-11-16T15:32:54 IST" duration-ms="8257">
      <class name="Tests.LoginPageTest">
        <test-method is-config="true" signature="browsersetup()[pri:0, instance:Tests.LoginPageTest@12aba8be]" started-at="2022-11-16T15:32:46 IST" name="browsersetup" finished-at="2022-11-16T15:32:52 IST" duration-ms="6044" status="PASS">
          <reporter-output>
          </reporter-output>
        </test-method> <!-- browsersetup -->
        <test-method signature="LogintestExecution()[pri:0, instance:Tests.LoginPageTest@12aba8be]" started-at="2022-11-16T15:32:52 IST" name="LogintestExecution" finished-at="2022-11-16T15:32:54 IST" duration-ms="1863" status="PASS">
          <reporter-output>
          </reporter-output>
        </test-method> <!-- LogintestExecution -->
        <test-method is-config="true" signature="browserteardown()[pri:0, instance:Tests.LoginPageTest@12aba8be]" started-at="2022-11-16T15:32:54 IST" name="browserteardown" finished-at="2022-11-16T15:32:54 IST" duration-ms="305" status="PASS">
          <reporter-output>
          </reporter-output>
        </test-method> <!-- browserteardown -->
      </class> <!-- Tests.LoginPageTest -->
    </test> <!-- Default test -->
  </suite> <!-- Default suite -->
</testng-results>
