<?xml version="1.0" encoding="UTF-8"?>
<testng-results ignored="0" total="1" passed="1" failed="0" skipped="0">
  <reporter-output>
    <line>
      <![CDATA[Clicking on Register Link]]>
    </line>
    <line>
      <![CDATA[Clicking on radio button]]>
    </line>
    <line>
      <![CDATA[Entered FirstName in FirstName Textfield]]>
    </line>
    <line>
      <![CDATA[Entered LastName in LastName Textfield]]>
    </line>
    <line>
      <![CDATA[Entered Email in Email Textfield]]>
    </line>
    <line>
      <![CDATA[Entered Password in password Textfield]]>
    </line>
    <line>
      <![CDATA[Entered confirmPassword in confirmPassword Textfield]]>
    </line>
    <line>
      <![CDATA[Clicking on Register button]]>
    </line>
  </reporter-output>
  <suite started-at="2022-11-17T11:58:54 IST" name="Default suite" finished-at="2022-11-17T11:59:10 IST" duration-ms="15676">
    <groups>
    </groups>
    <test started-at="2022-11-17T11:58:54 IST" name="Default test" finished-at="2022-11-17T11:59:10 IST" duration-ms="15676">
      <class name="Tests.RegisterPageTest">
        <test-method is-config="true" signature="browsersetup()[pri:0, instance:Tests.RegisterPageTest@3012646b]" started-at="2022-11-17T11:58:54 IST" name="browsersetup" finished-at="2022-11-17T11:59:06 IST" duration-ms="11691" status="PASS">
          <reporter-output>
          </reporter-output>
        </test-method> <!-- browsersetup -->
        <test-method signature="registertestExecution()[pri:0, instance:Tests.RegisterPageTest@3012646b]" started-at="2022-11-17T11:59:06 IST" name="registertestExecution" finished-at="2022-11-17T11:59:10 IST" duration-ms="3818" status="PASS">
          <reporter-output>
            <line>
              <![CDATA[Clicking on Register Link]]>
            </line>
            <line>
              <![CDATA[Clicking on radio button]]>
            </line>
            <line>
              <![CDATA[Entered FirstName in FirstName Textfield]]>
            </line>
            <line>
              <![CDATA[Entered LastName in LastName Textfield]]>
            </line>
            <line>
              <![CDATA[Entered Email in Email Textfield]]>
            </line>
            <line>
              <![CDATA[Entered Password in password Textfield]]>
            </line>
            <line>
              <![CDATA[Entered confirmPassword in confirmPassword Textfield]]>
            </line>
            <line>
              <![CDATA[Clicking on Register button]]>
            </line>
          </reporter-output>
        </test-method> <!-- registertestExecution -->
        <test-method is-config="true" signature="browserteardown()[pri:0, instance:Tests.RegisterPageTest@3012646b]" started-at="2022-11-17T11:59:10 IST" name="browserteardown" finished-at="2022-11-17T11:59:10 IST" duration-ms="116" status="PASS">
          <reporter-output>
          </reporter-output>
        </test-method> <!-- browserteardown -->
      </class> <!-- Tests.RegisterPageTest -->
    </test> <!-- Default test -->
  </suite> <!-- Default suite -->
</testng-results>
